2026-05-28 10:52:17,525 [Worker-9: Loading available Gradle versions] INFO  o.e.b.c.i.u.g.PublishedGradleVersions - Gradle version information cache is not available. Remote download required.
2026-05-28 11:21:30,682 [Worker-17: 入門コンテンツのインポート] INFO  o.e.m.c.i.l.LifecycleMappingFactory - Using org.eclipse.m2e.jdt.JarLifecycleMapping lifecycle mapping for MavenProject: com.batch:hello-spring-batch:0.0.1-SNAPSHOT @ /Users/kounoyuuta/Desktop/workspace/SpringBatch/hello-spring-batch/pom.xml.
2026-05-28 11:21:30,992 [Worker-17: 入門コンテンツのインポート] INFO  o.e.m.c.i.e.AbstractTransferListenerAdapter - Downloading https://repo.maven.apache.org/maven2/org/springframework/boot/spring-boot-starter-batch/4.0.6/spring-boot-starter-batch-4.0.6.pom
2026-05-28 11:21:31,003 [Worker-17: 入門コンテンツのインポート] INFO  o.e.m.c.i.e.AbstractTransferListenerAdapter - Downloaded https://repo.maven.apache.org/maven2/org/springframework/boot/spring-boot-starter-batch/4.0.6/spring-boot-starter-batch-4.0.6.pom
2026-05-28 11:21:31,096 [Worker-17: 入門コンテンツのインポート] INFO  o.e.m.c.i.e.AbstractTransferListenerAdapter - Downloading https://repo.maven.apache.org/maven2/org/springframework/boot/spring-boot-batch/4.0.6/spring-boot-batch-4.0.6.pom
2026-05-28 11:21:31,098 [Worker-17: 入門コンテンツのインポート] INFO  o.e.m.c.i.e.AbstractTransferListenerAdapter - Downloaded https://repo.maven.apache.org/maven2/org/springframework/boot/spring-boot-batch/4.0.6/spring-boot-batch-4.0.6.pom
2026-05-28 11:21:31,145 [Worker-17: 入門コンテンツのインポート] INFO  o.e.m.c.i.e.AbstractTransferListenerAdapter - Downloading https://repo.maven.apache.org/maven2/org/springframework/batch/spring-batch-core/6.0.3/spring-batch-core-6.0.3.pom
2026-05-28 11:21:31,147 [Worker-17: 入門コンテンツのインポート] INFO  o.e.m.c.i.e.AbstractTransferListenerAdapter - Downloaded https://repo.maven.apache.org/maven2/org/springframework/batch/spring-batch-core/6.0.3/spring-batch-core-6.0.3.pom
2026-05-28 11:21:31,187 [Worker-17: 入門コンテンツのインポート] INFO  o.e.m.c.i.e.AbstractTransferListenerAdapter - Downloading https://repo.maven.apache.org/maven2/org/springframework/batch/spring-batch-infrastructure/6.0.3/spring-batch-infrastructure-6.0.3.pom
2026-05-28 11:21:31,190 [Worker-17: 入門コンテンツのインポート] INFO  o.e.m.c.i.e.AbstractTransferListenerAdapter - Downloaded https://repo.maven.apache.org/maven2/org/springframework/batch/spring-batch-infrastructure/6.0.3/spring-batch-infrastructure-6.0.3.pom
2026-05-28 11:21:31,233 [Worker-17: 入門コンテンツのインポート] INFO  o.e.m.c.i.e.AbstractTransferListenerAdapter - Downloading https://repo.maven.apache.org/maven2/org/springframework/retry/spring-retry/2.0.12/spring-retry-2.0.12.pom
2026-05-28 11:21:31,235 [Worker-17: 入門コンテンツのインポート] INFO  o.e.m.c.i.e.AbstractTransferListenerAdapter - Downloaded https://repo.maven.apache.org/maven2/org/springframework/retry/spring-retry/2.0.12/spring-retry-2.0.12.pom
2026-05-28 11:21:31,298 [Worker-17: 入門コンテンツのインポート] INFO  o.e.m.c.i.e.AbstractTransferListenerAdapter - Downloading https://repo.maven.apache.org/maven2/org/springframework/boot/spring-boot-starter-batch-test/4.0.6/spring-boot-starter-batch-test-4.0.6.pom
2026-05-28 11:21:31,300 [Worker-17: 入門コンテンツのインポート] INFO  o.e.m.c.i.e.AbstractTransferListenerAdapter - Downloaded https://repo.maven.apache.org/maven2/org/springframework/boot/spring-boot-starter-batch-test/4.0.6/spring-boot-starter-batch-test-4.0.6.pom
2026-05-28 11:21:31,384 [Worker-17: 入門コンテンツのインポート] INFO  o.e.m.c.i.e.AbstractTransferListenerAdapter - Downloading https://repo.maven.apache.org/maven2/org/springframework/batch/spring-batch-test/6.0.3/spring-batch-test-6.0.3.pom
2026-05-28 11:21:31,385 [Worker-17: 入門コンテンツのインポート] INFO  o.e.m.c.i.e.AbstractTransferListenerAdapter - Downloaded https://repo.maven.apache.org/maven2/org/springframework/batch/spring-batch-test/6.0.3/spring-batch-test-6.0.3.pom
2026-05-28 11:21:31,433 [Worker-17: 入門コンテンツのインポート] INFO  o.e.m.c.i.e.AbstractTransferListenerAdapter - Downloading https://repo.maven.apache.org/maven2/org/springframework/boot/spring-boot-starter-batch/4.0.6/spring-boot-starter-batch-4.0.6.jar
2026-05-28 11:21:31,434 [Worker-17: 入門コンテンツのインポート] INFO  o.e.m.c.i.e.AbstractTransferListenerAdapter - Downloaded https://repo.maven.apache.org/maven2/org/springframework/boot/spring-boot-starter-batch/4.0.6/spring-boot-starter-batch-4.0.6.jar
2026-05-28 11:21:31,478 [BasicRepositoryConnector-repo.maven.apache.org-0-0] INFO  o.e.m.c.i.e.AbstractTransferListenerAdapter - Downloading https://repo.maven.apache.org/maven2/org/springframework/boot/spring-boot-batch/4.0.6/spring-boot-batch-4.0.6.jar
2026-05-28 11:21:31,484 [BasicRepositoryConnector-repo.maven.apache.org-0-0] INFO  o.e.m.c.i.e.AbstractTransferListenerAdapter - Downloaded https://repo.maven.apache.org/maven2/org/springframework/boot/spring-boot-batch/4.0.6/spring-boot-batch-4.0.6.jar
2026-05-28 11:21:31,529 [BasicRepositoryConnector-repo.maven.apache.org-0-0] INFO  o.e.m.c.i.e.AbstractTransferListenerAdapter - Downloading https://repo.maven.apache.org/maven2/org/springframework/batch/spring-batch-test/6.0.3/spring-batch-test-6.0.3.jar
2026-05-28 11:21:31,535 [BasicRepositoryConnector-repo.maven.apache.org-0-0] INFO  o.e.m.c.i.e.AbstractTransferListenerAdapter - Downloaded https://repo.maven.apache.org/maven2/org/springframework/batch/spring-batch-test/6.0.3/spring-batch-test-6.0.3.jar
2026-05-28 11:21:31,565 [BasicRepositoryConnector-repo.maven.apache.org-0-2] INFO  o.e.m.c.i.e.AbstractTransferListenerAdapter - Downloading https://repo.maven.apache.org/maven2/org/springframework/batch/spring-batch-infrastructure/6.0.3/spring-batch-infrastructure-6.0.3.jar
2026-05-28 11:21:31,577 [BasicRepositoryConnector-repo.maven.apache.org-0-4] INFO  o.e.m.c.i.e.AbstractTransferListenerAdapter - Downloading https://repo.maven.apache.org/maven2/org/springframework/boot/spring-boot-starter-batch-test/4.0.6/spring-boot-starter-batch-test-4.0.6.jar
2026-05-28 11:21:31,579 [BasicRepositoryConnector-repo.maven.apache.org-0-4] INFO  o.e.m.c.i.e.AbstractTransferListenerAdapter - Downloaded https://repo.maven.apache.org/maven2/org/springframework/boot/spring-boot-starter-batch-test/4.0.6/spring-boot-starter-batch-test-4.0.6.jar
2026-05-28 11:21:31,587 [BasicRepositoryConnector-repo.maven.apache.org-0-1] INFO  o.e.m.c.i.e.AbstractTransferListenerAdapter - Downloading https://repo.maven.apache.org/maven2/org/springframework/batch/spring-batch-core/6.0.3/spring-batch-core-6.0.3.jar
2026-05-28 11:21:31,590 [BasicRepositoryConnector-repo.maven.apache.org-0-3] INFO  o.e.m.c.i.e.AbstractTransferListenerAdapter - Downloading https://repo.maven.apache.org/maven2/org/springframework/retry/spring-retry/2.0.12/spring-retry-2.0.12.jar
2026-05-28 11:21:31,640 [BasicRepositoryConnector-repo.maven.apache.org-0-3] INFO  o.e.m.c.i.e.AbstractTransferListenerAdapter - Downloaded https://repo.maven.apache.org/maven2/org/springframework/retry/spring-retry/2.0.12/spring-retry-2.0.12.jar
2026-05-28 11:21:31,677 [BasicRepositoryConnector-repo.maven.apache.org-0-2] INFO  o.e.m.c.i.e.AbstractTransferListenerAdapter - Downloaded https://repo.maven.apache.org/maven2/org/springframework/batch/spring-batch-infrastructure/6.0.3/spring-batch-infrastructure-6.0.3.jar
2026-05-28 11:21:31,778 [BasicRepositoryConnector-repo.maven.apache.org-0-1] INFO  o.e.m.c.i.e.AbstractTransferListenerAdapter - Downloaded https://repo.maven.apache.org/maven2/org/springframework/batch/spring-batch-core/6.0.3/spring-batch-core-6.0.3.jar
2026-05-28 11:21:32,065 [Worker-17: 入門コンテンツのインポート] INFO  o.e.m.j.i.AbstractJavaProjectConfigurator - Adding source folder /hello-spring-batch/src/main/java
2026-05-28 11:21:32,065 [Worker-17: 入門コンテンツのインポート] INFO  o.e.m.j.i.AbstractJavaProjectConfigurator - Adding resource folder /hello-spring-batch/src/main/resources
2026-05-28 11:21:32,066 [Worker-17: 入門コンテンツのインポート] INFO  o.e.m.j.i.AbstractJavaProjectConfigurator - Adding resource folder /hello-spring-batch/src/main/resources
2026-05-28 11:21:32,067 [Worker-17: 入門コンテンツのインポート] INFO  o.e.m.j.i.AbstractJavaProjectConfigurator - Adding source folder /hello-spring-batch/src/test/java
2026-05-28 11:21:32,067 [Worker-17: 入門コンテンツのインポート] INFO  o.e.m.j.i.AbstractJavaProjectConfigurator - Adding resource folder /hello-spring-batch/src/test/resources
2026-05-28 11:21:32,549 [Worker-17: 入門コンテンツのインポート] INFO  o.e.m.c.i.p.ProjectConfigurationManager - Imported and configured 1 project(s) in 2 sec
2026-05-28 11:21:32,550 [Worker-17: 入門コンテンツのインポート] INFO  o.e.m.c.i.p.ProjectConfigurationManager - Update started
2026-05-28 11:21:32,624 [Worker-17: 入門コンテンツのインポート] INFO  o.e.m.c.i.l.LifecycleMappingFactory - Using org.eclipse.m2e.jdt.JarLifecycleMapping lifecycle mapping for MavenProject: com.batch:hello-spring-batch:0.0.1-SNAPSHOT @ /Users/kounoyuuta/Desktop/workspace/SpringBatch/hello-spring-batch/pom.xml.
2026-05-28 11:21:32,689 [Worker-17: 入門コンテンツのインポート] INFO  o.e.m.j.i.AbstractJavaProjectConfigurator - Adding source folder /hello-spring-batch/src/main/java
2026-05-28 11:21:32,689 [Worker-17: 入門コンテンツのインポート] INFO  o.e.m.j.i.AbstractJavaProjectConfigurator - Adding resource folder /hello-spring-batch/src/main/resources
2026-05-28 11:21:32,689 [Worker-17: 入門コンテンツのインポート] INFO  o.e.m.j.i.AbstractJavaProjectConfigurator - Adding resource folder /hello-spring-batch/src/main/resources
2026-05-28 11:21:32,689 [Worker-17: 入門コンテンツのインポート] INFO  o.e.m.j.i.AbstractJavaProjectConfigurator - Adding source folder /hello-spring-batch/src/test/java
2026-05-28 11:21:32,689 [Worker-17: 入門コンテンツのインポート] INFO  o.e.m.j.i.AbstractJavaProjectConfigurator - Adding resource folder /hello-spring-batch/src/test/resources
2026-05-28 11:21:32,763 [Worker-17: 入門コンテンツのインポート] INFO  o.e.m.c.i.p.ProjectConfigurationManager - Update completed for 1 poms: local refresh takes 0.00 sec, refresh facades takes 0.00 sec, update config takes 0.00 sec 
2026-05-28 11:21:33,132 [Worker-17: ソースおよび Javadoc のダウンロード] INFO  o.e.m.c.i.e.AbstractTransferListenerAdapter - Downloading https://repo.maven.apache.org/maven2/org/springframework/boot/spring-boot-starter-batch/4.0.6/spring-boot-starter-batch-4.0.6-sources.jar
2026-05-28 11:21:33,133 [Worker-17: ソースおよび Javadoc のダウンロード] INFO  o.e.m.c.i.e.AbstractTransferListenerAdapter - Downloaded https://repo.maven.apache.org/maven2/org/springframework/boot/spring-boot-starter-batch/4.0.6/spring-boot-starter-batch-4.0.6-sources.jar
2026-05-28 11:21:33,135 [Worker-17: ソースおよび Javadoc のダウンロード] INFO  o.e.m.j.internal.DownloadSourcesJob - Downloaded sources for org.springframework.boot:spring-boot-starter-batch:4.0.6
2026-05-28 11:21:33,342 [Worker-17: ソースおよび Javadoc のダウンロード] INFO  o.e.m.c.i.e.AbstractTransferListenerAdapter - Downloading https://repo.maven.apache.org/maven2/org/springframework/boot/spring-boot-batch/4.0.6/spring-boot-batch-4.0.6-sources.jar
2026-05-28 11:21:33,346 [Worker-17: ソースおよび Javadoc のダウンロード] INFO  o.e.m.c.i.e.AbstractTransferListenerAdapter - Downloaded https://repo.maven.apache.org/maven2/org/springframework/boot/spring-boot-batch/4.0.6/spring-boot-batch-4.0.6-sources.jar
2026-05-28 11:21:33,347 [Worker-17: ソースおよび Javadoc のダウンロード] INFO  o.e.m.j.internal.DownloadSourcesJob - Downloaded sources for org.springframework.boot:spring-boot-batch:4.0.6
2026-05-28 11:21:33,448 [Worker-17: ソースおよび Javadoc のダウンロード] INFO  o.e.m.c.i.e.AbstractTransferListenerAdapter - Downloading https://repo.maven.apache.org/maven2/org/springframework/batch/spring-batch-core/6.0.3/spring-batch-core-6.0.3-sources.jar
2026-05-28 11:21:33,455 [Worker-19: ビルド] INFO  o.a.m.s.f.DefaultMavenResourcesFiltering - Copying 1 resource from src/main/resources to target/classes
2026-05-28 11:21:33,461 [Worker-19: ビルド] INFO  o.a.m.s.f.DefaultMavenResourcesFiltering - Copying 0 resource from src/main/resources to target/classes
2026-05-28 11:21:33,463 [Worker-19: ビルド] INFO  o.a.m.s.f.DefaultMavenResourcesFiltering - skip non existing resourceDirectory /Users/kounoyuuta/Desktop/workspace/SpringBatch/hello-spring-batch/src/test/resources
2026-05-28 11:21:33,541 [Worker-17: ソースおよび Javadoc のダウンロード] INFO  o.e.m.c.i.e.AbstractTransferListenerAdapter - Downloaded https://repo.maven.apache.org/maven2/org/springframework/batch/spring-batch-core/6.0.3/spring-batch-core-6.0.3-sources.jar
2026-05-28 11:21:33,542 [Worker-17: ソースおよび Javadoc のダウンロード] INFO  o.e.m.j.internal.DownloadSourcesJob - Downloaded sources for org.springframework.batch:spring-batch-core:6.0.3
2026-05-28 11:21:33,636 [Worker-17: ソースおよび Javadoc のダウンロード] INFO  o.e.m.c.i.e.AbstractTransferListenerAdapter - Downloading https://repo.maven.apache.org/maven2/org/springframework/batch/spring-batch-infrastructure/6.0.3/spring-batch-infrastructure-6.0.3-sources.jar
2026-05-28 11:21:33,712 [Worker-17: ソースおよび Javadoc のダウンロード] INFO  o.e.m.c.i.e.AbstractTransferListenerAdapter - Downloaded https://repo.maven.apache.org/maven2/org/springframework/batch/spring-batch-infrastructure/6.0.3/spring-batch-infrastructure-6.0.3-sources.jar
2026-05-28 11:21:33,713 [Worker-17: ソースおよび Javadoc のダウンロード] INFO  o.e.m.j.internal.DownloadSourcesJob - Downloaded sources for org.springframework.batch:spring-batch-infrastructure:6.0.3
2026-05-28 11:21:33,818 [Worker-17: ソースおよび Javadoc のダウンロード] INFO  o.e.m.c.i.e.AbstractTransferListenerAdapter - Downloading https://repo.maven.apache.org/maven2/org/springframework/retry/spring-retry/2.0.12/spring-retry-2.0.12-sources.jar
2026-05-28 11:21:33,851 [Worker-17: ソースおよび Javadoc のダウンロード] INFO  o.e.m.c.i.e.AbstractTransferListenerAdapter - Downloaded https://repo.maven.apache.org/maven2/org/springframework/retry/spring-retry/2.0.12/spring-retry-2.0.12-sources.jar
2026-05-28 11:21:33,852 [Worker-17: ソースおよび Javadoc のダウンロード] INFO  o.e.m.j.internal.DownloadSourcesJob - Downloaded sources for org.springframework.retry:spring-retry:2.0.12
2026-05-28 11:21:33,982 [Worker-17: ソースおよび Javadoc のダウンロード] INFO  o.e.m.c.i.e.AbstractTransferListenerAdapter - Downloading https://repo.maven.apache.org/maven2/org/springframework/boot/spring-boot-starter-batch-test/4.0.6/spring-boot-starter-batch-test-4.0.6-sources.jar
2026-05-28 11:21:33,983 [Worker-17: ソースおよび Javadoc のダウンロード] INFO  o.e.m.c.i.e.AbstractTransferListenerAdapter - Downloaded https://repo.maven.apache.org/maven2/org/springframework/boot/spring-boot-starter-batch-test/4.0.6/spring-boot-starter-batch-test-4.0.6-sources.jar
2026-05-28 11:21:33,984 [Worker-17: ソースおよび Javadoc のダウンロード] INFO  o.e.m.j.internal.DownloadSourcesJob - Downloaded sources for org.springframework.boot:spring-boot-starter-batch-test:4.0.6
2026-05-28 11:21:34,093 [Worker-17: ソースおよび Javadoc のダウンロード] INFO  o.e.m.c.i.e.AbstractTransferListenerAdapter - Downloading https://repo.maven.apache.org/maven2/org/springframework/batch/spring-batch-test/6.0.3/spring-batch-test-6.0.3-sources.jar
2026-05-28 11:21:34,095 [Worker-17: ソースおよび Javadoc のダウンロード] INFO  o.e.m.c.i.e.AbstractTransferListenerAdapter - Downloaded https://repo.maven.apache.org/maven2/org/springframework/batch/spring-batch-test/6.0.3/spring-batch-test-6.0.3-sources.jar
2026-05-28 11:21:34,096 [Worker-17: ソースおよび Javadoc のダウンロード] INFO  o.e.m.j.internal.DownloadSourcesJob - Downloaded sources for org.springframework.batch:spring-batch-test:6.0.3
2026-05-28 11:30:14,660 [Worker-24: ビルド] INFO  o.a.m.s.f.DefaultMavenResourcesFiltering - Copying 1 resource from src/main/resources to target/classes
2026-05-28 11:30:14,675 [Worker-24: ビルド] INFO  o.a.m.s.f.DefaultMavenResourcesFiltering - Copying 0 resource from src/main/resources to target/classes
2026-05-28 11:30:14,677 [Worker-24: ビルド] INFO  o.a.m.s.f.DefaultMavenResourcesFiltering - skip non existing resourceDirectory /Users/kounoyuuta/Desktop/workspace/SpringBatch/hello-spring-batch/src/test/resources
2026-05-28 11:30:56,241 [Worker-20: ビルド] INFO  o.a.m.s.f.DefaultMavenResourcesFiltering - Copying 1 resource from src/main/resources to target/classes
2026-05-28 11:30:56,251 [Worker-20: ビルド] INFO  o.a.m.s.f.DefaultMavenResourcesFiltering - Copying 0 resource from src/main/resources to target/classes
2026-05-28 11:30:56,253 [Worker-20: ビルド] INFO  o.a.m.s.f.DefaultMavenResourcesFiltering - skip non existing resourceDirectory /Users/kounoyuuta/Desktop/workspace/SpringBatch/hello-spring-batch/src/test/resources
2026-05-28 11:35:29,391 [Worker-29: ビルド] INFO  o.a.m.s.f.DefaultMavenResourcesFiltering - Copying 1 resource from src/main/resources to target/classes
2026-05-28 11:35:29,449 [Worker-29: ビルド] INFO  o.a.m.s.f.DefaultMavenResourcesFiltering - Copying 0 resource from src/main/resources to target/classes
2026-05-28 11:35:29,452 [Worker-29: ビルド] INFO  o.a.m.s.f.DefaultMavenResourcesFiltering - skip non existing resourceDirectory /Users/kounoyuuta/Desktop/workspace/SpringBatch/hello-spring-batch/src/test/resources
2026-05-28 11:38:37,645 [Worker-20: ビルド] INFO  o.a.m.s.f.DefaultMavenResourcesFiltering - Copying 1 resource from src/main/resources to target/classes
2026-05-28 11:38:37,687 [Worker-20: ビルド] INFO  o.a.m.s.f.DefaultMavenResourcesFiltering - Copying 0 resource from src/main/resources to target/classes
2026-05-28 11:38:37,690 [Worker-20: ビルド] INFO  o.a.m.s.f.DefaultMavenResourcesFiltering - skip non existing resourceDirectory /Users/kounoyuuta/Desktop/workspace/SpringBatch/hello-spring-batch/src/test/resources
2026-05-28 11:39:23,601 [Worker-28: ビルド] INFO  o.a.m.s.f.DefaultMavenResourcesFiltering - Copying 1 resource from src/main/resources to target/classes
2026-05-28 11:39:23,612 [Worker-28: ビルド] INFO  o.a.m.s.f.DefaultMavenResourcesFiltering - Copying 0 resource from src/main/resources to target/classes
2026-05-28 11:39:23,613 [Worker-28: ビルド] INFO  o.a.m.s.f.DefaultMavenResourcesFiltering - skip non existing resourceDirectory /Users/kounoyuuta/Desktop/workspace/SpringBatch/hello-spring-batch/src/test/resources
2026-05-28 11:40:00,286 [Worker-27: ビルド] INFO  o.a.m.s.f.DefaultMavenResourcesFiltering - Copying 1 resource from src/main/resources to target/classes
2026-05-28 11:40:00,293 [Worker-27: ビルド] INFO  o.a.m.s.f.DefaultMavenResourcesFiltering - Copying 0 resource from src/main/resources to target/classes
2026-05-28 11:40:00,295 [Worker-27: ビルド] INFO  o.a.m.s.f.DefaultMavenResourcesFiltering - skip non existing resourceDirectory /Users/kounoyuuta/Desktop/workspace/SpringBatch/hello-spring-batch/src/test/resources
2026-05-28 11:47:15,232 [Worker-31: ビルド] INFO  o.a.m.s.f.DefaultMavenResourcesFiltering - Copying 1 resource from src/main/resources to target/classes
2026-05-28 11:47:15,240 [Worker-31: ビルド] INFO  o.a.m.s.f.DefaultMavenResourcesFiltering - Copying 0 resource from src/main/resources to target/classes
2026-05-28 11:47:15,242 [Worker-31: ビルド] INFO  o.a.m.s.f.DefaultMavenResourcesFiltering - skip non existing resourceDirectory /Users/kounoyuuta/Desktop/workspace/SpringBatch/hello-spring-batch/src/test/resources
2026-05-28 11:48:29,091 [Worker-20: ビルド] INFO  o.a.m.s.f.DefaultMavenResourcesFiltering - Copying 1 resource from src/main/resources to target/classes
2026-05-28 11:48:29,151 [Worker-20: ビルド] INFO  o.a.m.s.f.DefaultMavenResourcesFiltering - Copying 0 resource from src/main/resources to target/classes
2026-05-28 11:48:29,153 [Worker-20: ビルド] INFO  o.a.m.s.f.DefaultMavenResourcesFiltering - skip non existing resourceDirectory /Users/kounoyuuta/Desktop/workspace/SpringBatch/hello-spring-batch/src/test/resources
2026-05-28 11:49:22,015 [Worker-33: ビルド] INFO  o.a.m.s.f.DefaultMavenResourcesFiltering - Copying 1 resource from src/main/resources to target/classes
2026-05-28 11:49:22,023 [Worker-33: ビルド] INFO  o.a.m.s.f.DefaultMavenResourcesFiltering - Copying 0 resource from src/main/resources to target/classes
2026-05-28 11:49:22,024 [Worker-33: ビルド] INFO  o.a.m.s.f.DefaultMavenResourcesFiltering - skip non existing resourceDirectory /Users/kounoyuuta/Desktop/workspace/SpringBatch/hello-spring-batch/src/test/resources
2026-05-28 11:49:29,531 [Worker-34: ビルド] INFO  o.a.m.s.f.DefaultMavenResourcesFiltering - Copying 1 resource from src/main/resources to target/classes
2026-05-28 11:49:29,539 [Worker-34: ビルド] INFO  o.a.m.s.f.DefaultMavenResourcesFiltering - Copying 0 resource from src/main/resources to target/classes
2026-05-28 11:49:29,540 [Worker-34: ビルド] INFO  o.a.m.s.f.DefaultMavenResourcesFiltering - skip non existing resourceDirectory /Users/kounoyuuta/Desktop/workspace/SpringBatch/hello-spring-batch/src/test/resources
2026-05-28 12:13:40,976 [Worker-35: ビルド] INFO  o.a.m.s.f.DefaultMavenResourcesFiltering - Copying 1 resource from src/main/resources to target/classes
2026-05-28 12:13:40,999 [Worker-35: ビルド] INFO  o.a.m.s.f.DefaultMavenResourcesFiltering - Copying 0 resource from src/main/resources to target/classes
2026-05-28 12:13:41,001 [Worker-35: ビルド] INFO  o.a.m.s.f.DefaultMavenResourcesFiltering - skip non existing resourceDirectory /Users/kounoyuuta/Desktop/workspace/SpringBatch/hello-spring-batch/src/test/resources
2026-05-28 12:14:03,212 [Worker-20: ビルド] INFO  o.a.m.s.f.DefaultMavenResourcesFiltering - Copying 1 resource from src/main/resources to target/classes
2026-05-28 12:14:03,228 [Worker-20: ビルド] INFO  o.a.m.s.f.DefaultMavenResourcesFiltering - Copying 0 resource from src/main/resources to target/classes
2026-05-28 12:14:03,229 [Worker-20: ビルド] INFO  o.a.m.s.f.DefaultMavenResourcesFiltering - skip non existing resourceDirectory /Users/kounoyuuta/Desktop/workspace/SpringBatch/hello-spring-batch/src/test/resources
2026-05-28 12:14:48,149 [Worker-34: ビルド] INFO  o.a.m.s.f.DefaultMavenResourcesFiltering - Copying 1 resource from src/main/resources to target/classes
2026-05-28 12:14:48,177 [Worker-34: ビルド] INFO  o.a.m.s.f.DefaultMavenResourcesFiltering - Copying 0 resource from src/main/resources to target/classes
2026-05-28 12:14:48,179 [Worker-34: ビルド] INFO  o.a.m.s.f.DefaultMavenResourcesFiltering - skip non existing resourceDirectory /Users/kounoyuuta/Desktop/workspace/SpringBatch/hello-spring-batch/src/test/resources
2026-05-28 12:15:10,103 [Worker-37: ビルド] INFO  o.a.m.s.f.DefaultMavenResourcesFiltering - Copying 1 resource from src/main/resources to target/classes
2026-05-28 12:15:10,230 [Worker-37: ビルド] INFO  o.a.m.s.f.DefaultMavenResourcesFiltering - Copying 0 resource from src/main/resources to target/classes
2026-05-28 12:15:10,233 [Worker-37: ビルド] INFO  o.a.m.s.f.DefaultMavenResourcesFiltering - skip non existing resourceDirectory /Users/kounoyuuta/Desktop/workspace/SpringBatch/hello-spring-batch/src/test/resources
2026-05-28 12:15:43,561 [Worker-33: ビルド] INFO  o.a.m.s.f.DefaultMavenResourcesFiltering - Copying 1 resource from src/main/resources to target/classes
2026-05-28 12:15:43,571 [Worker-33: ビルド] INFO  o.a.m.s.f.DefaultMavenResourcesFiltering - Copying 0 resource from src/main/resources to target/classes
2026-05-28 12:15:43,573 [Worker-33: ビルド] INFO  o.a.m.s.f.DefaultMavenResourcesFiltering - skip non existing resourceDirectory /Users/kounoyuuta/Desktop/workspace/SpringBatch/hello-spring-batch/src/test/resources
2026-05-28 12:16:04,115 [Worker-38: ビルド] INFO  o.a.m.s.f.DefaultMavenResourcesFiltering - Copying 1 resource from src/main/resources to target/classes
2026-05-28 12:16:04,125 [Worker-38: ビルド] INFO  o.a.m.s.f.DefaultMavenResourcesFiltering - Copying 0 resource from src/main/resources to target/classes
2026-05-28 12:16:04,126 [Worker-38: ビルド] INFO  o.a.m.s.f.DefaultMavenResourcesFiltering - skip non existing resourceDirectory /Users/kounoyuuta/Desktop/workspace/SpringBatch/hello-spring-batch/src/test/resources
2026-05-28 12:17:02,427 [Worker-38: ビルド] INFO  o.a.m.s.f.DefaultMavenResourcesFiltering - Copying 1 resource from src/main/resources to target/classes
2026-05-28 12:17:02,440 [Worker-38: ビルド] INFO  o.a.m.s.f.DefaultMavenResourcesFiltering - Copying 0 resource from src/main/resources to target/classes
2026-05-28 12:17:02,443 [Worker-38: ビルド] INFO  o.a.m.s.f.DefaultMavenResourcesFiltering - skip non existing resourceDirectory /Users/kounoyuuta/Desktop/workspace/SpringBatch/hello-spring-batch/src/test/resources
2026-05-28 12:17:09,794 [Worker-33: ビルド] INFO  o.a.m.s.f.DefaultMavenResourcesFiltering - Copying 1 resource from src/main/resources to target/classes
2026-05-28 12:17:09,804 [Worker-33: ビルド] INFO  o.a.m.s.f.DefaultMavenResourcesFiltering - Copying 0 resource from src/main/resources to target/classes
2026-05-28 12:17:09,806 [Worker-33: ビルド] INFO  o.a.m.s.f.DefaultMavenResourcesFiltering - skip non existing resourceDirectory /Users/kounoyuuta/Desktop/workspace/SpringBatch/hello-spring-batch/src/test/resources
2026-05-28 12:18:00,646 [Worker-37: ビルド] INFO  o.a.m.s.f.DefaultMavenResourcesFiltering - Copying 1 resource from src/main/resources to target/classes
2026-05-28 12:18:00,652 [Worker-37: ビルド] INFO  o.a.m.s.f.DefaultMavenResourcesFiltering - Copying 0 resource from src/main/resources to target/classes
2026-05-28 12:18:00,655 [Worker-37: ビルド] INFO  o.a.m.s.f.DefaultMavenResourcesFiltering - skip non existing resourceDirectory /Users/kounoyuuta/Desktop/workspace/SpringBatch/hello-spring-batch/src/test/resources
2026-05-28 12:25:08,980 [Worker-42: ビルド] INFO  o.a.m.s.f.DefaultMavenResourcesFiltering - Copying 1 resource from src/main/resources to target/classes
2026-05-28 12:25:08,989 [Worker-42: ビルド] INFO  o.a.m.s.f.DefaultMavenResourcesFiltering - Copying 0 resource from src/main/resources to target/classes
2026-05-28 12:25:08,991 [Worker-42: ビルド] INFO  o.a.m.s.f.DefaultMavenResourcesFiltering - skip non existing resourceDirectory /Users/kounoyuuta/Desktop/workspace/SpringBatch/hello-spring-batch/src/test/resources
2026-05-28 12:25:42,592 [Worker-41: ビルド] INFO  o.a.m.s.f.DefaultMavenResourcesFiltering - Copying 1 resource from src/main/resources to target/classes
2026-05-28 12:25:42,605 [Worker-41: ビルド] INFO  o.a.m.s.f.DefaultMavenResourcesFiltering - Copying 0 resource from src/main/resources to target/classes
2026-05-28 12:25:42,606 [Worker-41: ビルド] INFO  o.a.m.s.f.DefaultMavenResourcesFiltering - skip non existing resourceDirectory /Users/kounoyuuta/Desktop/workspace/SpringBatch/hello-spring-batch/src/test/resources
2026-05-28 12:28:11,661 [Worker-40: ビルド] INFO  o.a.m.s.f.DefaultMavenResourcesFiltering - Copying 1 resource from src/main/resources to target/classes
2026-05-28 12:28:11,682 [Worker-40: ビルド] INFO  o.a.m.s.f.DefaultMavenResourcesFiltering - Copying 0 resource from src/main/resources to target/classes
2026-05-28 12:28:11,684 [Worker-40: ビルド] INFO  o.a.m.s.f.DefaultMavenResourcesFiltering - skip non existing resourceDirectory /Users/kounoyuuta/Desktop/workspace/SpringBatch/hello-spring-batch/src/test/resources
2026-05-28 12:28:21,337 [Worker-42: ビルド] INFO  o.a.m.s.f.DefaultMavenResourcesFiltering - Copying 1 resource from src/main/resources to target/classes
2026-05-28 12:28:21,355 [Worker-42: ビルド] INFO  o.a.m.s.f.DefaultMavenResourcesFiltering - Copying 0 resource from src/main/resources to target/classes
2026-05-28 12:28:21,356 [Worker-42: ビルド] INFO  o.a.m.s.f.DefaultMavenResourcesFiltering - skip non existing resourceDirectory /Users/kounoyuuta/Desktop/workspace/SpringBatch/hello-spring-batch/src/test/resources
2026-05-28 12:28:59,153 [Worker-40: ビルド] INFO  o.a.m.s.f.DefaultMavenResourcesFiltering - Copying 1 resource from src/main/resources to target/classes
2026-05-28 12:28:59,164 [Worker-40: ビルド] INFO  o.a.m.s.f.DefaultMavenResourcesFiltering - Copying 0 resource from src/main/resources to target/classes
2026-05-28 12:28:59,165 [Worker-40: ビルド] INFO  o.a.m.s.f.DefaultMavenResourcesFiltering - skip non existing resourceDirectory /Users/kounoyuuta/Desktop/workspace/SpringBatch/hello-spring-batch/src/test/resources
2026-05-28 12:58:47,377 [Worker-20: ビルド] INFO  o.a.m.s.f.DefaultMavenResourcesFiltering - Copying 1 resource from src/main/resources to target/classes
2026-05-28 12:58:47,387 [Worker-20: ビルド] INFO  o.a.m.s.f.DefaultMavenResourcesFiltering - Copying 0 resource from src/main/resources to target/classes
2026-05-28 12:58:47,388 [Worker-20: ビルド] INFO  o.a.m.s.f.DefaultMavenResourcesFiltering - skip non existing resourceDirectory /Users/kounoyuuta/Desktop/workspace/SpringBatch/hello-spring-batch/src/test/resources
2026-05-28 13:01:01,525 [Worker-47: ビルド] INFO  o.a.m.s.f.DefaultMavenResourcesFiltering - Copying 1 resource from src/main/resources to target/classes
2026-05-28 13:01:01,538 [Worker-47: ビルド] INFO  o.a.m.s.f.DefaultMavenResourcesFiltering - Copying 0 resource from src/main/resources to target/classes
2026-05-28 13:01:01,539 [Worker-47: ビルド] INFO  o.a.m.s.f.DefaultMavenResourcesFiltering - skip non existing resourceDirectory /Users/kounoyuuta/Desktop/workspace/SpringBatch/hello-spring-batch/src/test/resources
2026-05-28 13:01:36,742 [Worker-39: ビルド] INFO  o.a.m.s.f.DefaultMavenResourcesFiltering - Copying 1 resource from src/main/resources to target/classes
2026-05-28 13:01:36,753 [Worker-39: ビルド] INFO  o.a.m.s.f.DefaultMavenResourcesFiltering - Copying 0 resource from src/main/resources to target/classes
2026-05-28 13:01:36,754 [Worker-39: ビルド] INFO  o.a.m.s.f.DefaultMavenResourcesFiltering - skip non existing resourceDirectory /Users/kounoyuuta/Desktop/workspace/SpringBatch/hello-spring-batch/src/test/resources
2026-05-28 13:01:57,030 [Worker-45: ビルド] INFO  o.a.m.s.f.DefaultMavenResourcesFiltering - Copying 1 resource from src/main/resources to target/classes
2026-05-28 13:01:57,046 [Worker-45: ビルド] INFO  o.a.m.s.f.DefaultMavenResourcesFiltering - Copying 0 resource from src/main/resources to target/classes
2026-05-28 13:01:57,047 [Worker-45: ビルド] INFO  o.a.m.s.f.DefaultMavenResourcesFiltering - skip non existing resourceDirectory /Users/kounoyuuta/Desktop/workspace/SpringBatch/hello-spring-batch/src/test/resources
2026-05-28 13:05:14,923 [Worker-48: ビルド] INFO  o.a.m.s.f.DefaultMavenResourcesFiltering - Copying 1 resource from src/main/resources to target/classes
2026-05-28 13:05:14,934 [Worker-48: ビルド] INFO  o.a.m.s.f.DefaultMavenResourcesFiltering - Copying 0 resource from src/main/resources to target/classes
2026-05-28 13:05:14,935 [Worker-48: ビルド] INFO  o.a.m.s.f.DefaultMavenResourcesFiltering - skip non existing resourceDirectory /Users/kounoyuuta/Desktop/workspace/SpringBatch/hello-spring-batch/src/test/resources
2026-05-28 13:07:45,741 [Worker-45: ビルド] INFO  o.a.m.s.f.DefaultMavenResourcesFiltering - Copying 1 resource from src/main/resources to target/classes
2026-05-28 13:07:45,746 [Worker-45: ビルド] INFO  o.a.m.s.f.DefaultMavenResourcesFiltering - Copying 0 resource from src/main/resources to target/classes
2026-05-28 13:07:45,746 [Worker-45: ビルド] INFO  o.a.m.s.f.DefaultMavenResourcesFiltering - skip non existing resourceDirectory /Users/kounoyuuta/Desktop/workspace/SpringBatch/hello-spring-batch/src/test/resources
2026-05-28 13:08:19,315 [Worker-49: ビルド] INFO  o.a.m.s.f.DefaultMavenResourcesFiltering - Copying 1 resource from src/main/resources to target/classes
2026-05-28 13:08:19,331 [Worker-49: ビルド] INFO  o.a.m.s.f.DefaultMavenResourcesFiltering - Copying 0 resource from src/main/resources to target/classes
2026-05-28 13:08:19,333 [Worker-49: ビルド] INFO  o.a.m.s.f.DefaultMavenResourcesFiltering - skip non existing resourceDirectory /Users/kounoyuuta/Desktop/workspace/SpringBatch/hello-spring-batch/src/test/resources
2026-05-28 13:12:15,075 [Worker-39: ビルド] INFO  o.a.m.s.f.DefaultMavenResourcesFiltering - Copying 1 resource from src/main/resources to target/classes
2026-05-28 13:12:15,096 [Worker-39: ビルド] INFO  o.a.m.s.f.DefaultMavenResourcesFiltering - Copying 0 resource from src/main/resources to target/classes
2026-05-28 13:12:15,098 [Worker-39: ビルド] INFO  o.a.m.s.f.DefaultMavenResourcesFiltering - skip non existing resourceDirectory /Users/kounoyuuta/Desktop/workspace/SpringBatch/hello-spring-batch/src/test/resources
2026-05-28 13:14:53,633 [Worker-49: ビルド] INFO  o.a.m.s.f.DefaultMavenResourcesFiltering - Copying 1 resource from src/main/resources to target/classes
2026-05-28 13:14:53,646 [Worker-49: ビルド] INFO  o.a.m.s.f.DefaultMavenResourcesFiltering - Copying 0 resource from src/main/resources to target/classes
2026-05-28 13:14:53,648 [Worker-49: ビルド] INFO  o.a.m.s.f.DefaultMavenResourcesFiltering - skip non existing resourceDirectory /Users/kounoyuuta/Desktop/workspace/SpringBatch/hello-spring-batch/src/test/resources
2026-05-28 13:19:37,920 [Worker-49: ビルド] INFO  o.a.m.s.f.DefaultMavenResourcesFiltering - Copying 1 resource from src/main/resources to target/classes
2026-05-28 13:19:37,934 [Worker-49: ビルド] INFO  o.a.m.s.f.DefaultMavenResourcesFiltering - Copying 0 resource from src/main/resources to target/classes
2026-05-28 13:19:37,936 [Worker-49: ビルド] INFO  o.a.m.s.f.DefaultMavenResourcesFiltering - skip non existing resourceDirectory /Users/kounoyuuta/Desktop/workspace/SpringBatch/hello-spring-batch/src/test/resources
2026-05-28 15:00:15,891 [Worker-57: ビルド] INFO  o.a.m.s.f.DefaultMavenResourcesFiltering - Copying 1 resource from src/main/resources to target/classes
2026-05-28 15:00:15,908 [Worker-57: ビルド] INFO  o.a.m.s.f.DefaultMavenResourcesFiltering - Copying 0 resource from src/main/resources to target/classes
2026-05-28 15:00:15,911 [Worker-57: ビルド] INFO  o.a.m.s.f.DefaultMavenResourcesFiltering - skip non existing resourceDirectory /Users/kounoyuuta/Desktop/workspace/SpringBatch/hello-spring-batch/src/test/resources
2026-05-28 15:01:33,136 [Worker-61: ビルド] INFO  o.e.m.c.i.l.LifecycleMappingFactory - Using org.eclipse.m2e.jdt.JarLifecycleMapping lifecycle mapping for MavenProject: com.batch:hello-spring-batch:0.0.1-SNAPSHOT @ /Users/kounoyuuta/Desktop/workspace/SpringBatch/hello-spring-batch/pom.xml.
2026-05-28 15:01:34,292 [Worker-61: ビルド] INFO  o.a.m.s.f.DefaultMavenResourcesFiltering - Copying 1 resource from src/main/resources to target/classes
2026-05-28 15:01:34,329 [Worker-61: ビルド] INFO  o.a.m.s.f.DefaultMavenResourcesFiltering - Copying 0 resource from src/main/resources to target/classes
2026-05-28 15:01:34,337 [Worker-61: ビルド] INFO  o.a.m.s.f.DefaultMavenResourcesFiltering - skip non existing resourceDirectory /Users/kounoyuuta/Desktop/workspace/SpringBatch/hello-spring-batch/src/test/resources
2026-05-28 15:03:45,999 [Worker-55: ビルド] INFO  o.a.m.s.f.DefaultMavenResourcesFiltering - Copying 0 resource from src/main/resources to target/classes
2026-05-28 15:03:46,001 [Worker-55: ビルド] INFO  o.a.m.s.f.DefaultMavenResourcesFiltering - Copying 0 resource from src/main/resources to target/classes
2026-05-28 15:03:46,003 [Worker-55: ビルド] INFO  o.a.m.s.f.DefaultMavenResourcesFiltering - skip non existing resourceDirectory /Users/kounoyuuta/Desktop/workspace/SpringBatch/hello-spring-batch/src/test/resources
2026-05-28 15:04:01,966 [Worker-53: ビルド] INFO  o.a.m.s.f.DefaultMavenResourcesFiltering - Copying 0 resource from src/main/resources to target/classes
2026-05-28 15:04:01,967 [Worker-53: ビルド] INFO  o.a.m.s.f.DefaultMavenResourcesFiltering - Copying 0 resource from src/main/resources to target/classes
2026-05-28 15:04:01,970 [Worker-53: ビルド] INFO  o.a.m.s.f.DefaultMavenResourcesFiltering - skip non existing resourceDirectory /Users/kounoyuuta/Desktop/workspace/SpringBatch/hello-spring-batch/src/test/resources
2026-05-28 15:15:04,991 [Worker-58: ビルド] INFO  o.e.m.c.i.l.LifecycleMappingFactory - Using org.eclipse.m2e.jdt.JarLifecycleMapping lifecycle mapping for MavenProject: com.batch:hello-spring-batch:0.0.1-SNAPSHOT @ /Users/kounoyuuta/Desktop/workspace/SpringBatch/hello-spring-batch/pom.xml.
2026-05-28 15:15:05,558 [Worker-58: ビルド] INFO  o.a.m.s.f.DefaultMavenResourcesFiltering - Copying 0 resource from src/main/resources to target/classes
2026-05-28 15:15:05,558 [Worker-58: ビルド] INFO  o.a.m.s.f.DefaultMavenResourcesFiltering - Copying 0 resource from src/main/resources to target/classes
2026-05-28 15:15:05,567 [Worker-58: ビルド] INFO  o.a.m.s.f.DefaultMavenResourcesFiltering - skip non existing resourceDirectory /Users/kounoyuuta/Desktop/workspace/SpringBatch/hello-spring-batch/src/test/resources
2026-05-28 15:15:06,869 [Worker-20: ビルド] INFO  o.a.m.s.f.DefaultMavenResourcesFiltering - Copying 1 resource from src/main/resources to target/classes
2026-05-28 15:15:06,894 [Worker-20: ビルド] INFO  o.a.m.s.f.DefaultMavenResourcesFiltering - Copying 0 resource from src/main/resources to target/classes
2026-05-28 15:15:06,895 [Worker-20: ビルド] INFO  o.a.m.s.f.DefaultMavenResourcesFiltering - skip non existing resourceDirectory /Users/kounoyuuta/Desktop/workspace/SpringBatch/hello-spring-batch/src/test/resources
2026-05-28 15:15:07,923 [Worker-61: ビルド] INFO  o.a.m.s.f.DefaultMavenResourcesFiltering - Copying 0 resource from src/main/resources to target/classes
2026-05-28 15:15:07,924 [Worker-61: ビルド] INFO  o.a.m.s.f.DefaultMavenResourcesFiltering - Copying 0 resource from src/main/resources to target/classes
2026-05-28 15:15:07,927 [Worker-61: ビルド] INFO  o.a.m.s.f.DefaultMavenResourcesFiltering - skip non existing resourceDirectory /Users/kounoyuuta/Desktop/workspace/SpringBatch/hello-spring-batch/src/test/resources
2026-05-28 15:15:13,314 [Worker-68: Maven プロジェクトの更新中] INFO  o.e.m.c.i.p.ProjectConfigurationManager - Update started
2026-05-28 15:15:13,426 [Worker-68: Maven プロジェクトの更新中] INFO  o.e.m.c.i.l.LifecycleMappingFactory - Using org.eclipse.m2e.jdt.JarLifecycleMapping lifecycle mapping for MavenProject: com.batch:hello-spring-batch:0.0.1-SNAPSHOT @ /Users/kounoyuuta/Desktop/workspace/SpringBatch/hello-spring-batch/pom.xml.
2026-05-28 15:15:13,757 [Worker-68: Maven プロジェクトの更新中] INFO  o.e.m.j.i.AbstractJavaProjectConfigurator - Adding source folder /hello-spring-batch/src/main/java
2026-05-28 15:15:13,757 [Worker-68: Maven プロジェクトの更新中] INFO  o.e.m.j.i.AbstractJavaProjectConfigurator - Adding resource folder /hello-spring-batch/src/main/resources
2026-05-28 15:15:13,757 [Worker-68: Maven プロジェクトの更新中] INFO  o.e.m.j.i.AbstractJavaProjectConfigurator - Adding resource folder /hello-spring-batch/src/main/resources
2026-05-28 15:15:13,758 [Worker-68: Maven プロジェクトの更新中] INFO  o.e.m.j.i.AbstractJavaProjectConfigurator - Adding source folder /hello-spring-batch/src/test/java
2026-05-28 15:15:13,758 [Worker-68: Maven プロジェクトの更新中] INFO  o.e.m.j.i.AbstractJavaProjectConfigurator - Adding resource folder /hello-spring-batch/src/test/resources
2026-05-28 15:15:13,813 [Worker-68: Maven プロジェクトの更新中] INFO  o.e.m.c.i.p.ProjectConfigurationManager - Update completed for 1 poms: local refresh takes 0.00 sec, refresh facades takes 0.00 sec, update config takes 0.00 sec 
2026-05-28 15:15:14,005 [Worker-55: ビルド] INFO  o.a.m.s.f.DefaultMavenResourcesFiltering - Copying 1 resource from src/main/resources to target/classes
2026-05-28 15:15:14,014 [Worker-55: ビルド] INFO  o.a.m.s.f.DefaultMavenResourcesFiltering - Copying 0 resource from src/main/resources to target/classes
2026-05-28 15:15:14,016 [Worker-55: ビルド] INFO  o.a.m.s.f.DefaultMavenResourcesFiltering - skip non existing resourceDirectory /Users/kounoyuuta/Desktop/workspace/SpringBatch/hello-spring-batch/src/test/resources
2026-05-28 16:13:39,062 [Worker-68: ビルド] INFO  o.a.m.s.f.DefaultMavenResourcesFiltering - Copying 1 resource from src/main/resources to target/classes
2026-05-28 16:13:39,075 [Worker-68: ビルド] INFO  o.a.m.s.f.DefaultMavenResourcesFiltering - Copying 0 resource from src/main/resources to target/classes
2026-05-28 16:13:39,082 [Worker-68: ビルド] INFO  o.a.m.s.f.DefaultMavenResourcesFiltering - skip non existing resourceDirectory /Users/kounoyuuta/Desktop/workspace/SpringBatch/hello-spring-batch/src/test/resources
2026-05-28 16:13:45,711 [Worker-71: ビルド] INFO  o.a.m.s.f.DefaultMavenResourcesFiltering - Copying 1 resource from src/main/resources to target/classes
2026-05-28 16:13:45,723 [Worker-71: ビルド] INFO  o.a.m.s.f.DefaultMavenResourcesFiltering - Copying 0 resource from src/main/resources to target/classes
2026-05-28 16:13:45,732 [Worker-71: ビルド] INFO  o.a.m.s.f.DefaultMavenResourcesFiltering - skip non existing resourceDirectory /Users/kounoyuuta/Desktop/workspace/SpringBatch/hello-spring-batch/src/test/resources
2026-05-28 16:19:26,388 [Worker-72: ビルド] INFO  o.e.m.c.i.l.LifecycleMappingFactory - Using org.eclipse.m2e.jdt.JarLifecycleMapping lifecycle mapping for MavenProject: com.batch:hello-spring-batch:0.0.1-SNAPSHOT @ /Users/kounoyuuta/Desktop/workspace/SpringBatch/hello-spring-batch/pom.xml.
2026-05-28 16:19:26,863 [Worker-72: ビルド] INFO  o.e.m.c.i.e.AbstractTransferListenerAdapter - Downloading https://repo.maven.apache.org/maven2/org/springframework/boot/spring-boot-starter-batch-jdbc/4.0.6/spring-boot-starter-batch-jdbc-4.0.6.pom
2026-05-28 16:19:26,879 [Worker-72: ビルド] INFO  o.e.m.c.i.e.AbstractTransferListenerAdapter - Downloaded https://repo.maven.apache.org/maven2/org/springframework/boot/spring-boot-starter-batch-jdbc/4.0.6/spring-boot-starter-batch-jdbc-4.0.6.pom
2026-05-28 16:19:26,942 [Worker-72: ビルド] INFO  o.e.m.c.i.e.AbstractTransferListenerAdapter - Downloading https://repo.maven.apache.org/maven2/org/springframework/boot/spring-boot-batch-jdbc/4.0.6/spring-boot-batch-jdbc-4.0.6.pom
2026-05-28 16:19:27,189 [Worker-72: ビルド] INFO  o.e.m.c.i.e.AbstractTransferListenerAdapter - Downloaded https://repo.maven.apache.org/maven2/org/springframework/boot/spring-boot-batch-jdbc/4.0.6/spring-boot-batch-jdbc-4.0.6.pom
2026-05-28 16:19:27,550 [Worker-72: ビルド] INFO  o.e.m.c.i.e.AbstractTransferListenerAdapter - Downloading https://repo.maven.apache.org/maven2/org/springframework/boot/spring-boot-starter-batch-jdbc/4.0.6/spring-boot-starter-batch-jdbc-4.0.6.jar
2026-05-28 16:19:27,552 [Worker-72: ビルド] INFO  o.e.m.c.i.e.AbstractTransferListenerAdapter - Downloaded https://repo.maven.apache.org/maven2/org/springframework/boot/spring-boot-starter-batch-jdbc/4.0.6/spring-boot-starter-batch-jdbc-4.0.6.jar
2026-05-28 16:19:27,602 [BasicRepositoryConnector-repo.maven.apache.org-1-0] INFO  o.e.m.c.i.e.AbstractTransferListenerAdapter - Downloading https://repo.maven.apache.org/maven2/org/springframework/boot/spring-boot-batch-jdbc/4.0.6/spring-boot-batch-jdbc-4.0.6.jar
2026-05-28 16:19:27,605 [BasicRepositoryConnector-repo.maven.apache.org-1-0] INFO  o.e.m.c.i.e.AbstractTransferListenerAdapter - Downloaded https://repo.maven.apache.org/maven2/org/springframework/boot/spring-boot-batch-jdbc/4.0.6/spring-boot-batch-jdbc-4.0.6.jar
2026-05-28 16:19:28,104 [Worker-72: ビルド] INFO  o.a.m.s.f.DefaultMavenResourcesFiltering - Copying 0 resource from src/main/resources to target/classes
2026-05-28 16:19:28,104 [Worker-72: ビルド] INFO  o.a.m.s.f.DefaultMavenResourcesFiltering - Copying 0 resource from src/main/resources to target/classes
2026-05-28 16:19:28,109 [Worker-72: ビルド] INFO  o.a.m.s.f.DefaultMavenResourcesFiltering - skip non existing resourceDirectory /Users/kounoyuuta/Desktop/workspace/SpringBatch/hello-spring-batch/src/test/resources
2026-05-28 16:19:28,845 [Worker-61: ソースおよび Javadoc のダウンロード] INFO  o.e.m.c.i.e.AbstractTransferListenerAdapter - Downloading https://repo.maven.apache.org/maven2/org/springframework/boot/spring-boot-starter-batch-jdbc/4.0.6/spring-boot-starter-batch-jdbc-4.0.6-sources.jar
2026-05-28 16:19:28,847 [Worker-61: ソースおよび Javadoc のダウンロード] INFO  o.e.m.c.i.e.AbstractTransferListenerAdapter - Downloaded https://repo.maven.apache.org/maven2/org/springframework/boot/spring-boot-starter-batch-jdbc/4.0.6/spring-boot-starter-batch-jdbc-4.0.6-sources.jar
2026-05-28 16:19:28,848 [Worker-61: ソースおよび Javadoc のダウンロード] INFO  o.e.m.j.internal.DownloadSourcesJob - Downloaded sources for org.springframework.boot:spring-boot-starter-batch-jdbc:4.0.6
2026-05-28 16:19:29,181 [Worker-61: ソースおよび Javadoc のダウンロード] INFO  o.e.m.c.i.e.AbstractTransferListenerAdapter - Downloading https://repo.maven.apache.org/maven2/org/springframework/boot/spring-boot-batch-jdbc/4.0.6/spring-boot-batch-jdbc-4.0.6-sources.jar
2026-05-28 16:19:29,197 [Worker-61: ソースおよび Javadoc のダウンロード] INFO  o.e.m.c.i.e.AbstractTransferListenerAdapter - Downloaded https://repo.maven.apache.org/maven2/org/springframework/boot/spring-boot-batch-jdbc/4.0.6/spring-boot-batch-jdbc-4.0.6-sources.jar
2026-05-28 16:19:29,216 [Worker-61: ソースおよび Javadoc のダウンロード] INFO  o.e.m.j.internal.DownloadSourcesJob - Downloaded sources for org.springframework.boot:spring-boot-batch-jdbc:4.0.6
2026-05-28 16:19:29,664 [Worker-61: ビルド] INFO  o.a.m.s.f.DefaultMavenResourcesFiltering - Copying 1 resource from src/main/resources to target/classes
2026-05-28 16:19:29,697 [Worker-61: ビルド] INFO  o.a.m.s.f.DefaultMavenResourcesFiltering - Copying 0 resource from src/main/resources to target/classes
2026-05-28 16:19:29,700 [Worker-61: ビルド] INFO  o.a.m.s.f.DefaultMavenResourcesFiltering - skip non existing resourceDirectory /Users/kounoyuuta/Desktop/workspace/SpringBatch/hello-spring-batch/src/test/resources
2026-05-28 16:19:53,043 [Worker-77: Maven プロジェクトの更新中] INFO  o.e.m.c.i.p.ProjectConfigurationManager - Update started
2026-05-28 16:19:53,486 [Worker-77: Maven プロジェクトの更新中] INFO  o.e.m.c.i.l.LifecycleMappingFactory - Using org.eclipse.m2e.jdt.JarLifecycleMapping lifecycle mapping for MavenProject: com.batch:hello-spring-batch:0.0.1-SNAPSHOT @ /Users/kounoyuuta/Desktop/workspace/SpringBatch/hello-spring-batch/pom.xml.
2026-05-28 16:19:53,591 [Worker-77: Maven プロジェクトの更新中] INFO  o.e.m.j.i.AbstractJavaProjectConfigurator - Adding source folder /hello-spring-batch/src/main/java
2026-05-28 16:19:53,591 [Worker-77: Maven プロジェクトの更新中] INFO  o.e.m.j.i.AbstractJavaProjectConfigurator - Adding resource folder /hello-spring-batch/src/main/resources
2026-05-28 16:19:53,591 [Worker-77: Maven プロジェクトの更新中] INFO  o.e.m.j.i.AbstractJavaProjectConfigurator - Adding resource folder /hello-spring-batch/src/main/resources
2026-05-28 16:19:53,591 [Worker-77: Maven プロジェクトの更新中] INFO  o.e.m.j.i.AbstractJavaProjectConfigurator - Adding source folder /hello-spring-batch/src/test/java
2026-05-28 16:19:53,591 [Worker-77: Maven プロジェクトの更新中] INFO  o.e.m.j.i.AbstractJavaProjectConfigurator - Adding resource folder /hello-spring-batch/src/test/resources
2026-05-28 16:19:53,626 [Worker-77: Maven プロジェクトの更新中] INFO  o.e.m.c.i.p.ProjectConfigurationManager - Update completed for 1 poms: local refresh takes 0.00 sec, refresh facades takes 0.00 sec, update config takes 0.00 sec 
2026-05-28 16:19:53,937 [Worker-61: ビルド] INFO  o.a.m.s.f.DefaultMavenResourcesFiltering - Copying 1 resource from src/main/resources to target/classes
2026-05-28 16:19:53,950 [Worker-61: ビルド] INFO  o.a.m.s.f.DefaultMavenResourcesFiltering - Copying 0 resource from src/main/resources to target/classes
2026-05-28 16:19:53,953 [Worker-61: ビルド] INFO  o.a.m.s.f.DefaultMavenResourcesFiltering - skip non existing resourceDirectory /Users/kounoyuuta/Desktop/workspace/SpringBatch/hello-spring-batch/src/test/resources
